0 info it worked if it ends with ok
1 verbose cli [ '/usr/local/node/bin/node',
1 verbose cli   '/usr/local/node/bin/npm',
1 verbose cli   'install',
1 verbose cli   'separately' ]
2 info using npm@1.4.14
3 info using node@v0.10.29
4 warn package.json querystring@0.2.0 querystring is also the name of a node core module.
5 warn package.json url@0.10.1 url is also the name of a node core module.
6 verbose readDependencies using package.json deps
7 verbose cache add [ 'separately', null ]
8 verbose cache add name=undefined spec="separately" args=["separately",null]
9 verbose parsed url { protocol: null,
9 verbose parsed url   slashes: null,
9 verbose parsed url   auth: null,
9 verbose parsed url   host: null,
9 verbose parsed url   port: null,
9 verbose parsed url   hostname: null,
9 verbose parsed url   hash: null,
9 verbose parsed url   search: null,
9 verbose parsed url   query: null,
9 verbose parsed url   pathname: 'separately',
9 verbose parsed url   path: 'separately',
9 verbose parsed url   href: 'separately' }
10 silly lockFile dc880392-separately separately
11 verbose lock separately /home/kahn/.npm/dc880392-separately.lock
12 silly lockFile dc880392-separately separately
13 silly lockFile dc880392-separately separately
14 verbose addNamed [ 'separately', '' ]
15 verbose addNamed [ null, '*' ]
16 silly lockFile eb083771-separately separately@
17 verbose lock separately@ /home/kahn/.npm/eb083771-separately.lock
18 silly addNameRange { name: 'separately', range: '*', hasData: false }
19 verbose url raw separately
20 verbose url resolving [ 'https://registry.npmjs.org/', './separately' ]
21 verbose url resolved https://registry.npmjs.org/separately
22 info trying registry request attempt 1 at 15:20:40
23 http GET https://registry.npmjs.org/separately
24 http 404 https://registry.npmjs.org/separately
25 verbose headers { date: 'Sun, 09 Nov 2014 07:20:40 GMT',
25 verbose headers   server: 'CouchDB/1.5.0 (Erlang OTP/R16B03)',
25 verbose headers   'content-type': 'application/json',
25 verbose headers   'cache-control': 'max-age=0',
25 verbose headers   'content-length': '52',
25 verbose headers   'accept-ranges': 'bytes',
25 verbose headers   via: '1.1 varnish',
25 verbose headers   age: '0',
25 verbose headers   'x-served-by': 'cache-ty67-TYO',
25 verbose headers   'x-cache': 'MISS',
25 verbose headers   'x-cache-hits': '0',
25 verbose headers   'x-timer': 'S1415517640.712156,VS0,VE134',
25 verbose headers   'keep-alive': 'timeout=10, max=50',
25 verbose headers   connection: 'Keep-Alive' }
26 silly registry.get cb [ 404,
26 silly registry.get   { date: 'Sun, 09 Nov 2014 07:20:40 GMT',
26 silly registry.get     server: 'CouchDB/1.5.0 (Erlang OTP/R16B03)',
26 silly registry.get     'content-type': 'application/json',
26 silly registry.get     'cache-control': 'max-age=0',
26 silly registry.get     'content-length': '52',
26 silly registry.get     'accept-ranges': 'bytes',
26 silly registry.get     via: '1.1 varnish',
26 silly registry.get     age: '0',
26 silly registry.get     'x-served-by': 'cache-ty67-TYO',
26 silly registry.get     'x-cache': 'MISS',
26 silly registry.get     'x-cache-hits': '0',
26 silly registry.get     'x-timer': 'S1415517640.712156,VS0,VE134',
26 silly registry.get     'keep-alive': 'timeout=10, max=50',
26 silly registry.get     connection: 'Keep-Alive' } ]
27 silly lockFile eb083771-separately separately@
28 silly lockFile eb083771-separately separately@
29 error 404 404 Not Found: separately
29 error 404
29 error 404 'separately' is not in the npm registry.
29 error 404 You should bug the author to publish it
29 error 404 It was specified as a dependency of 'test5'
29 error 404
29 error 404 Note that you can also install from a
29 error 404 tarball, folder, or http url, or git url.
30 error System Linux 3.13.0-39-generic
31 error command "/usr/local/node/bin/node" "/usr/local/node/bin/npm" "install" "separately"
32 error cwd /home/kahn/nodejs/m3
33 error node -v v0.10.29
34 error npm -v 1.4.14
35 error code E404
36 verbose exit [ 1, true ]
